Oct 04 17:32:12 +02:00 (none)  Mounting virtual file systems: /run /proc /sys OK
Oct 04 17:32:12 +02:00 (none)  Bringing up the loopback interface... OK
Oct 04 17:32:13 +02:00 (none)  Setting hostname to mpivet-p... OK
Oct 04 17:32:13 +02:00 mpivet-p  Populating /dev with device nodes...  OK
Oct 04 17:32:16 +02:00 mpivet-p  Activating all swap files/partitions... OK
Oct 04 17:32:16 +02:00 mpivet-p  Mounting root file system in read-only mode...  OK
Oct 04 17:32:16 +02:00 mpivet-p  Checking file systems... OK
Oct 04 17:32:16 +02:00 mpivet-p  Remounting root file system in read-write mode... OK
Oct 04 17:32:16 +02:00 mpivet-p  Mounting remaining file systems... OK
Oct 04 17:32:16 +02:00 mpivet-p  Cleaning file systems: /tmp OK
Oct 04 17:32:16 +02:00 mpivet-p  Retrying failed uevents, if any... OK
Oct 04 17:32:17 +02:00 mpivet-p  Setting up Linux console...FAIL
Oct 04 17:32:17 +02:00 mpivet-p   FAIL
Oct 04 17:32:17 +02:00 mpivet-p  FAILURE:

You should not be reading this error message.

It means that an unforeseen error took place in
/etc/rc.d/rcS.d/S70console,
which exited with a return value of 1.
If you're able to track this error down to a bug in one of
the files provided by the LFS book,
please be so kind to inform us at lfs-dev@linuxfromscratch.org (Registration required).
 FAIL
Oct 04 17:32:17 +02:00 mpivet-p  Press Enter to continue...Oct 04 17:32:37 +02:00 mpivet-p  Starting system log daemon... OK
Oct 04 17:32:38 +02:00 mpivet-p  Starting kernel log daemon... OK
Oct 04 17:32:38 +02:00 mpivet-p  Bringing up the eth0 interface... 
Oct 04 17:32:38 +02:00 mpivet-p  Adding IPv4 address 192.168.1.2 to the eth0 interface...FAIL
Oct 04 17:32:38 +02:00 mpivet-p  
Interface eth0 doesn't exist. FAIL
--------
Oct 04 17:44:08 +02:00 (none)  Mounting virtual file systems: /run /proc /sys OK
Oct 04 17:44:08 +02:00 (none)  Bringing up the loopback interface... OK
Oct 04 17:44:08 +02:00 (none)  Setting hostname to mpivet-p... OK
Oct 04 17:44:09 +02:00 mpivet-p  Populating /dev with device nodes...  OK
Oct 04 17:44:11 +02:00 mpivet-p  Activating all swap files/partitions... OK
Oct 04 17:44:11 +02:00 mpivet-p  Mounting root file system in read-only mode...  OK
Oct 04 17:44:11 +02:00 mpivet-p  Checking file systems... OK
Oct 04 17:44:12 +02:00 mpivet-p  Remounting root file system in read-write mode... OK
Oct 04 17:44:12 +02:00 mpivet-p  Mounting remaining file systems... OK
Oct 04 17:44:12 +02:00 mpivet-p  Cleaning file systems: /tmp OK
Oct 04 17:44:12 +02:00 mpivet-p  Retrying failed uevents, if any... OK
Oct 04 17:44:13 +02:00 mpivet-p  Setting up Linux console...FAIL
Oct 04 17:44:13 +02:00 mpivet-p   FAIL
Oct 04 17:44:13 +02:00 mpivet-p  FAILURE:

You should not be reading this error message.

It means that an unforeseen error took place in
/etc/rc.d/rcS.d/S70console,
which exited with a return value of 1.
If you're able to track this error down to a bug in one of
the files provided by the LFS book,
please be so kind to inform us at lfs-dev@linuxfromscratch.org (Registration required).
 FAIL
Oct 04 17:44:13 +02:00 mpivet-p  Press Enter to continue...Oct 04 17:46:11 +02:00 mpivet-p  Starting system log daemon... OK
Oct 04 17:46:12 +02:00 mpivet-p  Starting kernel log daemon... OK
Oct 04 17:46:12 +02:00 mpivet-p  Bringing up the eth0 interface... 
Oct 04 17:46:12 +02:00 mpivet-p  Adding IPv4 address 192.168.1.2 to the eth0 interface...FAIL
Oct 04 17:46:12 +02:00 mpivet-p  
Interface eth0 doesn't exist. FAIL
--------
Oct 04 17:54:55 +02:00 (none)  Mounting virtual file systems: /run /proc /sys OK
Oct 04 17:54:55 +02:00 (none)  Bringing up the loopback interface... OK
Oct 04 17:54:55 +02:00 (none)  Setting hostname to mpivet-p... OK
Oct 04 17:54:55 +02:00 mpivet-p  Populating /dev with device nodes...  OK
Oct 04 17:54:58 +02:00 mpivet-p  Activating all swap files/partitions... OK
Oct 04 17:54:58 +02:00 mpivet-p  Mounting root file system in read-only mode...  OK
Oct 04 17:54:58 +02:00 mpivet-p  Checking file systems... OK
Oct 04 17:54:58 +02:00 mpivet-p  Remounting root file system in read-write mode... OK
Oct 04 17:54:58 +02:00 mpivet-p  Mounting remaining file systems... OK
Oct 04 17:54:58 +02:00 mpivet-p  Cleaning file systems: /tmp OK
Oct 04 17:54:58 +02:00 mpivet-p  Retrying failed uevents, if any... OK
Oct 04 17:54:59 +02:00 mpivet-p  Setting up Linux console... OK
Oct 04 17:54:59 +02:00 mpivet-p  Starting system log daemon... OK
Oct 04 17:54:59 +02:00 mpivet-p  Starting kernel log daemon... OK
Oct 04 17:54:59 +02:00 mpivet-p  Bringing up the eth0 interface... 
Oct 04 17:54:59 +02:00 mpivet-p  Adding IPv4 address 192.168.1.2 to the eth0 interface...FAIL
Oct 04 17:54:59 +02:00 mpivet-p  
Interface eth0 doesn't exist. FAIL
--------
Oct 04 18:00:04 +02:00 (none)  Mounting virtual file systems: /run /proc /sys OK
Oct 04 18:00:05 +02:00 (none)  Bringing up the loopback interface... OK
Oct 04 18:00:05 +02:00 (none)  Setting hostname to mpivet-p... OK
Oct 04 18:00:05 +02:00 mpivet-p  Populating /dev with device nodes...  OK
Oct 04 18:00:07 +02:00 mpivet-p  Activating all swap files/partitions... OK
Oct 04 18:00:07 +02:00 mpivet-p  Mounting root file system in read-only mode...  OK
Oct 04 18:00:07 +02:00 mpivet-p  Checking file systems... OK
Oct 04 18:00:07 +02:00 mpivet-p  Remounting root file system in read-write mode... OK
Oct 04 18:00:07 +02:00 mpivet-p  Mounting remaining file systems... OK
Oct 04 18:00:07 +02:00 mpivet-p  Cleaning file systems: /tmp OK
Oct 04 18:00:07 +02:00 mpivet-p  Retrying failed uevents, if any... OK
Oct 04 18:00:08 +02:00 mpivet-p  Setting up Linux console... OK
Oct 04 18:00:08 +02:00 mpivet-p  Starting system log daemon... OK
Oct 04 18:00:08 +02:00 mpivet-p  Starting kernel log daemon... OK
Oct 04 18:00:08 +02:00 mpivet-p  Bringing up the eth0 interface... 
Oct 04 18:00:08 +02:00 mpivet-p  Adding IPv4 address 192.168.1.2 to the eth0 interface...FAIL
Oct 04 18:00:08 +02:00 mpivet-p  
Interface eth0 doesn't exist. FAIL
--------
Oct 04 18:29:39 +02:00 (none)  Mounting virtual file systems: /run /proc /sys OK
Oct 04 18:29:40 +02:00 (none)  Bringing up the loopback interface... OK
Oct 04 18:29:40 +02:00 (none)  Setting hostname to mpivet-p... OK
Oct 04 18:29:40 +02:00 mpivet-p  Populating /dev with device nodes...  OK
Oct 04 18:29:43 +02:00 mpivet-p  Activating all swap files/partitions... OK
Oct 04 18:29:43 +02:00 mpivet-p  Mounting root file system in read-only mode...  OK
Oct 04 18:29:43 +02:00 mpivet-p  Checking file systems... OK
Oct 04 18:29:43 +02:00 mpivet-p  Remounting root file system in read-write mode... OK
Oct 04 18:29:43 +02:00 mpivet-p  Mounting remaining file systems... OK
Oct 04 18:29:44 +02:00 mpivet-p  Cleaning file systems: /tmp OK
Oct 04 18:29:44 +02:00 mpivet-p  Retrying failed uevents, if any... OK
Oct 04 18:29:45 +02:00 mpivet-p  Setting up Linux console... OK
Oct 04 18:29:45 +02:00 mpivet-p  Starting system log daemon... OK
Oct 04 18:29:45 +02:00 mpivet-p  Starting kernel log daemon... OK
Oct 04 18:29:45 +02:00 mpivet-p  Bringing up the enp0s3 interface... 
Oct 04 18:29:45 +02:00 mpivet-p  Adding IPv4 address 192.168.1.2 to the enp0s3 interface... OK
Oct 04 18:29:45 +02:00 mpivet-p  Setting up default gateway... OK
--------
Oct 04 18:44:41 +02:00 (none)  Mounting virtual file systems: /run /proc /sys OK
Oct 04 18:44:41 +02:00 (none)  Bringing up the loopback interface... OK
Oct 04 18:44:41 +02:00 (none)  Setting hostname to mpivet-p... OK
Oct 04 18:44:41 +02:00 mpivet-p  Populating /dev with device nodes...  OK
Oct 04 18:44:44 +02:00 mpivet-p  Activating all swap files/partitions... OK
Oct 04 18:44:44 +02:00 mpivet-p  Mounting root file system in read-only mode...  OK
Oct 04 18:44:44 +02:00 mpivet-p  Checking file systems... OK
Oct 04 18:44:44 +02:00 mpivet-p  Remounting root file system in read-write mode... OK
Oct 04 18:44:44 +02:00 mpivet-p  Mounting remaining file systems... OK
Oct 04 18:44:44 +02:00 mpivet-p  Cleaning file systems: /tmp OK
Oct 04 18:44:44 +02:00 mpivet-p  Retrying failed uevents, if any... OK
Oct 04 18:44:45 +02:00 mpivet-p  Setting up Linux console... OK
Oct 04 18:44:45 +02:00 mpivet-p  Starting system log daemon... OK
Oct 04 18:44:45 +02:00 mpivet-p  Starting kernel log daemon... OK
Oct 04 18:44:45 +02:00 mpivet-p  Bringing up the enp0s3 interface... 
Oct 04 18:44:45 +02:00 mpivet-p  Adding IPv4 address 192.168.1.2 to the enp0s3 interface... OK
Oct 04 18:44:45 +02:00 mpivet-p  Setting up default gateway... OK
--------
Oct 05 11:37:24 +02:00 (none)  Mounting virtual file systems: /run /proc /sys OK
Oct 05 11:37:24 +02:00 (none)  Bringing up the loopback interface... OK
Oct 05 11:37:24 +02:00 (none)  Setting hostname to mpivet-p... OK
Oct 05 11:37:24 +02:00 mpivet-p  Populating /dev with device nodes...  OK
Oct 05 11:37:27 +02:00 mpivet-p  Activating all swap files/partitions... OK
Oct 05 11:37:27 +02:00 mpivet-p  Mounting root file system in read-only mode...  OK
Oct 05 11:37:27 +02:00 mpivet-p  Checking file systems... OK
Oct 05 11:37:27 +02:00 mpivet-p  Remounting root file system in read-write mode... OK
Oct 05 11:37:27 +02:00 mpivet-p  Mounting remaining file systems... OK
Oct 05 11:37:27 +02:00 mpivet-p  Cleaning file systems: /tmp OK
Oct 05 11:37:27 +02:00 mpivet-p  Retrying failed uevents, if any... OK
Oct 05 11:37:28 +02:00 mpivet-p  Setting up Linux console... OK
Oct 05 11:37:28 +02:00 mpivet-p  Starting system log daemon... OK
Oct 05 11:37:28 +02:00 mpivet-p  Starting kernel log daemon... OK
Oct 05 11:37:28 +02:00 mpivet-p  Bringing up the enp0s3 interface... 
Oct 05 11:37:28 +02:00 mpivet-p  Adding IPv4 address 192.168.1.2 to the enp0s3 interface... OK
Oct 05 11:37:29 +02:00 mpivet-p  Setting up default gateway... OK
--------
Oct 05 12:35:49 +02:00 (none)  Mounting virtual file systems: /run /proc /sys OK
Oct 05 12:35:49 +02:00 (none)  Bringing up the loopback interface... OK
Oct 05 12:35:49 +02:00 (none)  Setting hostname to mpivet-p... OK
Oct 05 12:35:49 +02:00 mpivet-p  Populating /dev with device nodes...  OK
Oct 05 12:35:52 +02:00 mpivet-p  Activating all swap files/partitions... OK
Oct 05 12:35:52 +02:00 mpivet-p  Mounting root file system in read-only mode...  OK
Oct 05 12:35:52 +02:00 mpivet-p  Checking file systems... OK
Oct 05 12:35:52 +02:00 mpivet-p  Remounting root file system in read-write mode... OK
Oct 05 12:35:52 +02:00 mpivet-p  Mounting remaining file systems... OK
Oct 05 12:35:52 +02:00 mpivet-p  Cleaning file systems: /tmp OK
Oct 05 12:35:52 +02:00 mpivet-p  Retrying failed uevents, if any... OK
Oct 05 12:35:53 +02:00 mpivet-p  Setting up Linux console... OK
Oct 05 12:35:53 +02:00 mpivet-p  Starting system log daemon... OK
Oct 05 12:35:53 +02:00 mpivet-p  Starting kernel log daemon... OK
Oct 05 12:35:54 +02:00 mpivet-p  Bringing up the enp0s3 interface... 
Oct 05 12:35:54 +02:00 mpivet-p  Adding IPv4 address 192.168.1.2 to the enp0s3 interface... OK
Oct 05 12:35:54 +02:00 mpivet-p  Setting up default gateway... OK
--------
Oct 05 14:16:25 +02:00 (none)  Mounting virtual file systems: /run /proc /sys OK
Oct 05 14:16:26 +02:00 (none)  Bringing up the loopback interface... OK
Oct 05 14:16:27 +02:00 (none)  Setting hostname to mpivet-p... OK
Oct 05 14:16:27 +02:00 mpivet-p  Populating /dev with device nodes...  OK
Oct 05 14:16:33 +02:00 mpivet-p  Activating all swap files/partitions... OK
Oct 05 14:16:33 +02:00 mpivet-p  Mounting root file system in read-only mode...  OK
Oct 05 14:16:33 +02:00 mpivet-p  Checking file systems... OK
Oct 05 14:16:34 +02:00 mpivet-p  Remounting root file system in read-write mode... OK
Oct 05 14:16:34 +02:00 mpivet-p  Mounting remaining file systems... OK
Oct 05 14:16:34 +02:00 mpivet-p  Cleaning file systems: /tmp OK
Oct 05 14:16:35 +02:00 mpivet-p  Retrying failed uevents, if any... OK
Oct 05 14:16:36 +02:00 mpivet-p  Setting up Linux console... OK
Oct 05 14:16:37 +02:00 mpivet-p  Starting system log daemon... OK
Oct 05 14:16:38 +02:00 mpivet-p  Starting kernel log daemon... OK
Oct 05 14:16:38 +02:00 mpivet-p  Bringing up the enp0s3 interface... 
Oct 05 14:16:38 +02:00 mpivet-p  Adding IPv4 address 192.168.1.2 to the enp0s3 interface... OK
Oct 05 14:16:38 +02:00 mpivet-p  Setting up default gateway... OK
--------
Oct 05 14:22:25 +02:00 (none)  Mounting virtual file systems: /run /proc /sys OK
Oct 05 14:22:25 +02:00 (none)  Bringing up the loopback interface... OK
Oct 05 14:22:26 +02:00 (none)  Setting hostname to mpivet-p... OK
Oct 05 14:22:26 +02:00 mpivet-p  Populating /dev with device nodes...  OK
Oct 05 14:22:29 +02:00 mpivet-p  Activating all swap files/partitions... OK
Oct 05 14:22:29 +02:00 mpivet-p  Mounting root file system in read-only mode...  OK
Oct 05 14:22:29 +02:00 mpivet-p  Checking file systems... OK
Oct 05 14:22:29 +02:00 mpivet-p  Remounting root file system in read-write mode... OK
Oct 05 14:22:29 +02:00 mpivet-p  Mounting remaining file systems... OK
Oct 05 14:22:29 +02:00 mpivet-p  Cleaning file systems: /tmp OK
Oct 05 14:22:29 +02:00 mpivet-p  Retrying failed uevents, if any... OK
Oct 05 14:22:30 +02:00 mpivet-p  Setting up Linux console... OK
Oct 05 14:22:30 +02:00 mpivet-p  Starting system log daemon... OK
Oct 05 14:22:31 +02:00 mpivet-p  Starting kernel log daemon... OK
Oct 05 14:22:31 +02:00 mpivet-p  Bringing up the enp0s3 interface... 
Oct 05 14:22:31 +02:00 mpivet-p  Adding IPv4 address 192.168.1.2 to the enp0s3 interface... OK
Oct 05 14:22:31 +02:00 mpivet-p  Setting up default gateway... OK
--------
Oct 05 14:34:54 +02:00 (none)  Mounting virtual file systems: /run /proc /sys OK
Oct 05 14:34:56 +02:00 (none)  Bringing up the loopback interface... OK
Oct 05 14:34:57 +02:00 (none)  Setting hostname to mpivet-p... OK
Oct 05 14:34:57 +02:00 mpivet-p  Populating /dev with device nodes...  OK
Oct 05 14:35:04 +02:00 mpivet-p  Activating all swap files/partitions... OK
Oct 05 14:35:04 +02:00 mpivet-p  Mounting root file system in read-only mode...  OK
Oct 05 14:35:04 +02:00 mpivet-p  Checking file systems... OK
Oct 05 14:35:05 +02:00 mpivet-p  Remounting root file system in read-write mode... OK
Oct 05 14:35:05 +02:00 mpivet-p  Mounting remaining file systems... OK
Oct 05 14:35:05 +02:00 mpivet-p  Cleaning file systems: /tmp OK
Oct 05 14:35:06 +02:00 mpivet-p  Retrying failed uevents, if any... OK
Oct 05 14:35:07 +02:00 mpivet-p  Setting up Linux console... OK
Oct 05 14:35:10 +02:00 mpivet-p  Starting system log daemon... OK
Oct 05 14:35:11 +02:00 mpivet-p  Starting kernel log daemon... OK
Oct 05 14:35:12 +02:00 mpivet-p  Bringing up the enp0s3 interface... 
Oct 05 14:35:12 +02:00 mpivet-p  Adding IPv4 address 10.11.1.242 to the enp0s3 interface... OK
Oct 05 14:35:12 +02:00 mpivet-p  Setting up default gateway...FAIL
--------
Oct 05 14:39:02 +02:00 (none)  Mounting virtual file systems: /run /proc /sys OK
Oct 05 14:39:04 +02:00 (none)  Bringing up the loopback interface... OK
Oct 05 14:39:04 +02:00 (none)  Setting hostname to mpivet-p... OK
Oct 05 14:39:04 +02:00 mpivet-p  Populating /dev with device nodes...  OK
Oct 05 14:39:13 +02:00 mpivet-p  Activating all swap files/partitions... OK
Oct 05 14:39:13 +02:00 mpivet-p  Mounting root file system in read-only mode...  OK
Oct 05 14:39:13 +02:00 mpivet-p  Checking file systems... OK
Oct 05 14:39:13 +02:00 mpivet-p  Remounting root file system in read-write mode... OK
Oct 05 14:39:14 +02:00 mpivet-p  Mounting remaining file systems... OK
Oct 05 14:39:14 +02:00 mpivet-p  Cleaning file systems: /tmp OK
Oct 05 14:39:14 +02:00 mpivet-p  Retrying failed uevents, if any... OK
Oct 05 14:39:15 +02:00 mpivet-p  Setting up Linux console... OK
Oct 05 14:39:15 +02:00 mpivet-p  Starting system log daemon... OK
Oct 05 14:39:16 +02:00 mpivet-p  Starting kernel log daemon... OK
Oct 05 14:39:16 +02:00 mpivet-p  Bringing up the enp0s3 interface... 
Oct 05 14:39:16 +02:00 mpivet-p  Adding IPv4 address 10.11.1.242 to the enp0s3 interface... OK
Oct 05 14:39:16 +02:00 mpivet-p  Setting up default gateway...FAIL
--------
Oct 05 15:07:54 +02:00 (none)  Mounting virtual file systems: /run /proc /sys OK
Oct 05 15:07:55 +02:00 (none)  Bringing up the loopback interface... OK
Oct 05 15:07:55 +02:00 (none)  Setting hostname to mpivet-p... OK
Oct 05 15:07:55 +02:00 mpivet-p  Populating /dev with device nodes...  OK
Oct 05 15:07:57 +02:00 mpivet-p  Activating all swap files/partitions... OK
Oct 05 15:07:57 +02:00 mpivet-p  Mounting root file system in read-only mode...  OK
Oct 05 15:07:57 +02:00 mpivet-p  Checking file systems... OK
Oct 05 15:07:57 +02:00 mpivet-p  Remounting root file system in read-write mode... OK
Oct 05 15:07:57 +02:00 mpivet-p  Mounting remaining file systems... OK
Oct 05 15:07:57 +02:00 mpivet-p  Cleaning file systems: /tmp OK
Oct 05 15:07:57 +02:00 mpivet-p  Retrying failed uevents, if any... OK
Oct 05 15:07:58 +02:00 mpivet-p  Setting up Linux console... OK
Oct 05 15:07:58 +02:00 mpivet-p  Starting system log daemon... OK
Oct 05 15:07:58 +02:00 mpivet-p  Starting kernel log daemon... OK
Oct 05 15:07:58 +02:00 mpivet-p  Bringing up the enp0s3 interface... 
Oct 05 15:07:58 +02:00 mpivet-p  Adding IPv4 address 10.0.2.16 to the enp0s3 interface... OK
Oct 05 15:07:59 +02:00 mpivet-p  Setting up default gateway... OK
--------
Oct 06 10:37:25 +02:00 (none)  Mounting virtual file systems: /run /proc /sys OK
Oct 06 10:37:25 +02:00 (none)  Bringing up the loopback interface... OK
Oct 06 10:37:26 +02:00 (none)  Setting hostname to mpivet-p... OK
Oct 06 10:37:26 +02:00 mpivet-p  Populating /dev with device nodes...  OK
Oct 06 10:37:29 +02:00 mpivet-p  Activating all swap files/partitions... OK
Oct 06 10:37:29 +02:00 mpivet-p  Mounting root file system in read-only mode...  OK
Oct 06 10:37:29 +02:00 mpivet-p  Checking file systems... OK
Oct 06 10:37:29 +02:00 mpivet-p  Remounting root file system in read-write mode... OK
Oct 06 10:37:29 +02:00 mpivet-p  Mounting remaining file systems... OK
Oct 06 10:37:29 +02:00 mpivet-p  Cleaning file systems: /tmp OK
Oct 06 10:37:29 +02:00 mpivet-p  Retrying failed uevents, if any... OK
Oct 06 10:37:30 +02:00 mpivet-p  Setting up Linux console... OK
Oct 06 10:37:30 +02:00 mpivet-p  Starting system log daemon... OK
Oct 06 10:37:30 +02:00 mpivet-p  Starting kernel log daemon... OK
Oct 06 10:37:30 +02:00 mpivet-p  Bringing up the enp0s3 interface... 
Oct 06 10:37:31 +02:00 mpivet-p  Adding IPv4 address 10.0.2.16 to the enp0s3 interface... OK
Oct 06 10:37:31 +02:00 mpivet-p  Setting up default gateway... OK
--------
Oct 06 10:48:32 +02:00 (none)  Mounting virtual file systems: /run /proc /sys OK
Oct 06 10:48:32 +02:00 (none)  Bringing up the loopback interface... OK
Oct 06 10:48:33 +02:00 (none)  Setting hostname to mpivet-p... OK
Oct 06 10:48:33 +02:00 mpivet-p  Populating /dev with device nodes...  OK
Oct 06 10:48:38 +02:00 mpivet-p  Activating all swap files/partitions... OK
Oct 06 10:48:38 +02:00 mpivet-p  Mounting root file system in read-only mode...  OK
Oct 06 10:48:38 +02:00 mpivet-p  Checking file systems... OK
Oct 06 10:48:39 +02:00 mpivet-p  Remounting root file system in read-write mode... OK
Oct 06 10:48:39 +02:00 mpivet-p  Mounting remaining file systems... OK
Oct 06 10:48:39 +02:00 mpivet-p  Cleaning file systems: /tmp OK
Oct 06 10:48:39 +02:00 mpivet-p  Retrying failed uevents, if any... OK
Oct 06 10:48:40 +02:00 mpivet-p  Setting up Linux console... OK
Oct 06 10:48:40 +02:00 mpivet-p  Starting system log daemon... OK
Oct 06 10:48:41 +02:00 mpivet-p  Starting kernel log daemon... OK
Oct 06 10:48:41 +02:00 mpivet-p  Bringing up the enp0s3 interface... 
Oct 06 10:48:41 +02:00 mpivet-p  Adding IPv4 address 10.0.2.16 to the enp0s3 interface... OK
Oct 06 10:48:41 +02:00 mpivet-p  Setting up default gateway... OK
--------
Oct 06 10:54:33 +02:00 (none)  Mounting virtual file systems: /run /proc /sys OK
Oct 06 10:54:33 +02:00 (none)  Bringing up the loopback interface... OK
Oct 06 10:54:33 +02:00 (none)  Setting hostname to mpivet-p... OK
Oct 06 10:54:33 +02:00 mpivet-p  Populating /dev with device nodes...  OK
Oct 06 10:54:36 +02:00 mpivet-p  Activating all swap files/partitions... OK
Oct 06 10:54:36 +02:00 mpivet-p  Mounting root file system in read-only mode...  OK
Oct 06 10:54:36 +02:00 mpivet-p  Checking file systems... OK
Oct 06 10:54:36 +02:00 mpivet-p  Remounting root file system in read-write mode... OK
Oct 06 10:54:36 +02:00 mpivet-p  Mounting remaining file systems... OK
Oct 06 10:54:36 +02:00 mpivet-p  Cleaning file systems: /tmp OK
Oct 06 10:54:36 +02:00 mpivet-p  Retrying failed uevents, if any... OK
Oct 06 10:54:38 +02:00 mpivet-p  Setting up Linux console... OK
Oct 06 10:54:38 +02:00 mpivet-p  Starting system log daemon... OK
Oct 06 10:54:38 +02:00 mpivet-p  Starting kernel log daemon... OK
Oct 06 10:54:38 +02:00 mpivet-p  Bringing up the enp0s3 interface... Oct 06 10:54:38 +02:00 mpivet-p  Starting dhcpcd on the enp0s3 interface... OK
--------
Oct 06 10:55:48 +02:00 (none)  Mounting virtual file systems: /run /proc /sys OK
Oct 06 10:55:48 +02:00 (none)  Bringing up the loopback interface... OK
Oct 06 10:55:48 +02:00 (none)  Setting hostname to mpivet-p... OK
Oct 06 10:55:48 +02:00 mpivet-p  Populating /dev with device nodes...  OK
Oct 06 10:55:50 +02:00 mpivet-p  Activating all swap files/partitions... OK
Oct 06 10:55:50 +02:00 mpivet-p  Mounting root file system in read-only mode...  OK
Oct 06 10:55:50 +02:00 mpivet-p  Checking file systems... OK
Oct 06 10:55:50 +02:00 mpivet-p  Remounting root file system in read-write mode... OK
Oct 06 10:55:50 +02:00 mpivet-p  Mounting remaining file systems... OK
Oct 06 10:55:50 +02:00 mpivet-p  Cleaning file systems: /tmp OK
Oct 06 10:55:50 +02:00 mpivet-p  Retrying failed uevents, if any... OK
Oct 06 10:55:51 +02:00 mpivet-p  Setting up Linux console... OK
Oct 06 10:55:51 +02:00 mpivet-p  Starting system log daemon... OK
Oct 06 10:55:51 +02:00 mpivet-p  Starting kernel log daemon... OK
Oct 06 10:55:51 +02:00 mpivet-p  Bringing up the enp0s3 interface... Oct 06 10:55:51 +02:00 mpivet-p  Starting dhcpcd on the enp0s3 interface... OK
--------
Oct 06 11:12:30 +02:00 (none)  Mounting virtual file systems: /run /proc /sys OK
Oct 06 11:12:30 +02:00 (none)  Bringing up the loopback interface... OK
Oct 06 11:12:31 +02:00 (none)  Setting hostname to mpivet-p... OK
Oct 06 11:12:31 +02:00 mpivet-p  Populating /dev with device nodes...  OK
Oct 06 11:12:34 +02:00 mpivet-p  Activating all swap files/partitions... OK
Oct 06 11:12:34 +02:00 mpivet-p  Mounting root file system in read-only mode...  OK
Oct 06 11:12:34 +02:00 mpivet-p  Checking file systems... OK
Oct 06 11:12:34 +02:00 mpivet-p  Remounting root file system in read-write mode... OK
Oct 06 11:12:34 +02:00 mpivet-p  Mounting remaining file systems... OK
Oct 06 11:12:34 +02:00 mpivet-p  Cleaning file systems: /tmp OK
Oct 06 11:12:34 +02:00 mpivet-p  Retrying failed uevents, if any... OK
Oct 06 11:12:35 +02:00 mpivet-p  Setting up Linux console... OK
Oct 06 11:12:35 +02:00 mpivet-p  Starting system log daemon... OK
Oct 06 11:12:35 +02:00 mpivet-p  Starting kernel log daemon... OK
Oct 06 11:12:35 +02:00 mpivet-p  Bringing up the enp0s3 interface... Oct 06 11:12:36 +02:00 mpivet-p  Starting dhcpcd on the enp0s3 interface... OK
--------
Oct 06 11:46:20 +02:00 (none)  Mounting virtual file systems: /run /proc /sys OK
Oct 06 11:46:20 +02:00 (none)  Bringing up the loopback interface... OK
Oct 06 11:46:20 +02:00 (none)  Setting hostname to mpivet-p... OK
Oct 06 11:46:20 +02:00 mpivet-p  Populating /dev with device nodes...  OK
Oct 06 11:46:24 +02:00 mpivet-p  Activating all swap files/partitions... OK
Oct 06 11:46:24 +02:00 mpivet-p  Mounting root file system in read-only mode...  OK
Oct 06 11:46:24 +02:00 mpivet-p  Checking file systems... OK
Oct 06 11:46:24 +02:00 mpivet-p  Remounting root file system in read-write mode... OK
Oct 06 11:46:24 +02:00 mpivet-p  Mounting remaining file systems... OK
Oct 06 11:46:24 +02:00 mpivet-p  Cleaning file systems: /tmp OK
Oct 06 11:46:24 +02:00 mpivet-p  Retrying failed uevents, if any... OK
Oct 06 11:46:25 +02:00 mpivet-p  Setting up Linux console... OK
Oct 06 11:46:25 +02:00 mpivet-p  Starting system log daemon... OK
Oct 06 11:46:25 +02:00 mpivet-p  Starting kernel log daemon... OK
Oct 06 11:46:25 +02:00 mpivet-p  Bringing up the enp0s3 interface... Oct 06 11:46:25 +02:00 mpivet-p  Starting dhcpcd on the enp0s3 interface... OK
--------
Oct 06 12:16:04 +02:00 (none)  Mounting virtual file systems: /run /proc /sys OK
Oct 06 12:16:04 +02:00 (none)  Bringing up the loopback interface... OK
Oct 06 12:16:05 +02:00 (none)  Setting hostname to mpivet-p... OK
Oct 06 12:16:05 +02:00 mpivet-p  Populating /dev with device nodes...  OK
Oct 06 12:16:08 +02:00 mpivet-p  Activating all swap files/partitions... OK
Oct 06 12:16:08 +02:00 mpivet-p  Mounting root file system in read-only mode...  OK
Oct 06 12:16:08 +02:00 mpivet-p  Checking file systems... OK
Oct 06 12:16:08 +02:00 mpivet-p  Remounting root file system in read-write mode... OK
Oct 06 12:16:08 +02:00 mpivet-p  Mounting remaining file systems... OK
Oct 06 12:16:08 +02:00 mpivet-p  Cleaning file systems: /tmp OK
Oct 06 12:16:08 +02:00 mpivet-p  Retrying failed uevents, if any... OK
Oct 06 12:16:09 +02:00 mpivet-p  Setting up Linux console... OK
Oct 06 12:16:09 +02:00 mpivet-p  Starting system log daemon... OK
Oct 06 12:16:09 +02:00 mpivet-p  Starting kernel log daemon... OK
Oct 06 12:16:09 +02:00 mpivet-p  Bringing up the enp0s3 interface... Oct 06 12:16:09 +02:00 mpivet-p  Starting dhcpcd on the enp0s3 interface... OK
--------
Oct 07 12:06:03 +02:00 (none)  Mounting virtual file systems: /run /proc /sys OK
Oct 07 12:06:04 +02:00 (none)  Bringing up the loopback interface... OK
Oct 07 12:06:04 +02:00 (none)  Setting hostname to mpivet-p... OK
Oct 07 12:06:04 +02:00 mpivet-p  Populating /dev with device nodes...  OK
Oct 07 12:06:07 +02:00 mpivet-p  Activating all swap files/partitions... OK
Oct 07 12:06:07 +02:00 mpivet-p  Mounting root file system in read-only mode...  OK
Oct 07 12:06:07 +02:00 mpivet-p  Checking file systems... OK
Oct 07 12:06:07 +02:00 mpivet-p  Remounting root file system in read-write mode... OK
Oct 07 12:06:07 +02:00 mpivet-p  Mounting remaining file systems... OK
Oct 07 12:06:07 +02:00 mpivet-p  Cleaning file systems: /tmp OK
Oct 07 12:06:07 +02:00 mpivet-p  Retrying failed uevents, if any... OK
Oct 07 12:06:08 +02:00 mpivet-p  Setting up Linux console... OK
Oct 07 12:06:08 +02:00 mpivet-p  Starting system log daemon... OK
Oct 07 12:06:08 +02:00 mpivet-p  Starting kernel log daemon... OK
Oct 07 12:06:08 +02:00 mpivet-p  Bringing up the enp0s3 interface... Oct 07 12:06:08 +02:00 mpivet-p  Starting dhcpcd on the enp0s3 interface... OK
--------
Oct 07 16:29:27 +02:00 (none)  Mounting virtual file systems: /run /proc /sys OK
Oct 07 16:29:27 +02:00 (none)  Bringing up the loopback interface... OK
Oct 07 16:29:27 +02:00 (none)  Setting hostname to mpivet-p... OK
Oct 07 16:29:27 +02:00 mpivet-p  Populating /dev with device nodes...  OK
Oct 07 16:29:29 +02:00 mpivet-p  Activating all swap files/partitions... OK
Oct 07 16:29:29 +02:00 mpivet-p  Mounting root file system in read-only mode...  OK
Oct 07 16:29:29 +02:00 mpivet-p  Checking file systems... OK
Oct 07 16:29:29 +02:00 mpivet-p  Remounting root file system in read-write mode... OK
Oct 07 16:29:29 +02:00 mpivet-p  Mounting remaining file systems... OK
Oct 07 16:29:29 +02:00 mpivet-p  Cleaning file systems: /tmp OK
Oct 07 16:29:29 +02:00 mpivet-p  Retrying failed uevents, if any... OK
Oct 07 16:29:30 +02:00 mpivet-p  Setting up Linux console... OK
Oct 07 16:29:30 +02:00 mpivet-p  Starting system log daemon... OK
Oct 07 16:29:30 +02:00 mpivet-p  Starting kernel log daemon... OK
Oct 07 16:29:30 +02:00 mpivet-p  Bringing up the enp0s3 interface... Oct 07 16:29:30 +02:00 mpivet-p  Starting dhcpcd on the enp0s3 interface... OK
--------
Oct 07 17:32:41 +02:00 (none)  Mounting virtual file systems: /run /proc /sys OK
Oct 07 17:32:41 +02:00 (none)  Bringing up the loopback interface... OK
Oct 07 17:32:41 +02:00 (none)  Setting hostname to mpivet-p... OK
Oct 07 17:32:41 +02:00 mpivet-p  Populating /dev with device nodes...  OK
Oct 07 17:32:44 +02:00 mpivet-p  Activating all swap files/partitions... OK
Oct 07 17:32:44 +02:00 mpivet-p  Mounting root file system in read-only mode...  OK
Oct 07 17:32:44 +02:00 mpivet-p  Checking file systems... OK
Oct 07 17:32:44 +02:00 mpivet-p  Remounting root file system in read-write mode... OK
Oct 07 17:32:44 +02:00 mpivet-p  Mounting remaining file systems... OK
Oct 07 17:32:44 +02:00 mpivet-p  Cleaning file systems: /tmp OK
Oct 07 17:32:44 +02:00 mpivet-p  Retrying failed uevents, if any... OK
Oct 07 17:32:45 +02:00 mpivet-p  Setting up Linux console... OK
Oct 07 17:32:45 +02:00 mpivet-p  Starting system log daemon... OK
Oct 07 17:32:45 +02:00 mpivet-p  Starting kernel log daemon... OK
Oct 07 17:32:45 +02:00 mpivet-p  Bringing up the enp0s3 interface... Oct 07 17:32:45 +02:00 mpivet-p  Starting dhcpcd on the enp0s3 interface... OK
--------
Oct 07 17:34:17 +02:00 (none)  Mounting virtual file systems: /run /proc /sys OK
Oct 07 17:34:17 +02:00 (none)  Bringing up the loopback interface... OK
Oct 07 17:34:17 +02:00 (none)  Setting hostname to mpivet-p... OK
Oct 07 17:34:17 +02:00 mpivet-p  Populating /dev with device nodes...  OK
Oct 07 17:34:19 +02:00 mpivet-p  Activating all swap files/partitions... OK
Oct 07 17:34:19 +02:00 mpivet-p  Mounting root file system in read-only mode...  OK
Oct 07 17:34:19 +02:00 mpivet-p  Checking file systems... OK
Oct 07 17:34:19 +02:00 mpivet-p  Remounting root file system in read-write mode... OK
Oct 07 17:34:19 +02:00 mpivet-p  Mounting remaining file systems... OK
Oct 07 17:34:19 +02:00 mpivet-p  Cleaning file systems: /tmp OK
Oct 07 17:34:19 +02:00 mpivet-p  Retrying failed uevents, if any... OK
Oct 07 17:34:20 +02:00 mpivet-p  Setting up Linux console... OK
Oct 07 17:34:20 +02:00 mpivet-p  Starting system log daemon... OK
Oct 07 17:34:20 +02:00 mpivet-p  Starting kernel log daemon... OK
Oct 07 17:34:20 +02:00 mpivet-p  Bringing up the enp0s3 interface... Oct 07 17:34:20 +02:00 mpivet-p  Starting dhcpcd on the enp0s3 interface... OK
Oct 07 17:34:20 +02:00 mpivet-p  Starting SSH Server... OK
--------
Oct 07 17:52:21 +02:00 (none)  Mounting virtual file systems: /run /proc /sys OK
Oct 07 17:52:21 +02:00 (none)  Bringing up the loopback interface... OK
Oct 07 17:52:21 +02:00 (none)  Setting hostname to mpivet-p... OK
Oct 07 17:52:21 +02:00 mpivet-p  Populating /dev with device nodes...  OK
Oct 07 17:52:23 +02:00 mpivet-p  Activating all swap files/partitions... OK
Oct 07 17:52:23 +02:00 mpivet-p  Mounting root file system in read-only mode...  OK
Oct 07 17:52:23 +02:00 mpivet-p  Checking file systems... OK
Oct 07 17:52:23 +02:00 mpivet-p  Remounting root file system in read-write mode... OK
Oct 07 17:52:23 +02:00 mpivet-p  Mounting remaining file systems... OK
Oct 07 17:52:23 +02:00 mpivet-p  Cleaning file systems: /tmp OK
Oct 07 17:52:23 +02:00 mpivet-p  Retrying failed uevents, if any... OK
Oct 07 17:52:24 +02:00 mpivet-p  Setting up Linux console... OK
Oct 07 17:52:24 +02:00 mpivet-p  Starting system log daemon... OK
Oct 07 17:52:24 +02:00 mpivet-p  Starting kernel log daemon... OK
Oct 07 17:52:24 +02:00 mpivet-p  Bringing up the enp0s3 interface... Oct 07 17:52:24 +02:00 mpivet-p  Starting dhcpcd on the enp0s3 interface... OK
Oct 07 17:52:24 +02:00 mpivet-p  Starting SSH Server... OK
--------
Oct 07 19:35:56 +02:00 (none)  Mounting virtual file systems: /run /proc /sys OK
Oct 07 19:35:56 +02:00 (none)  Bringing up the loopback interface... OK
Oct 07 19:35:57 +02:00 (none)  Setting hostname to mpivet-p... OK
Oct 07 19:35:57 +02:00 mpivet-p  Populating /dev with device nodes...  OK
Oct 07 19:35:59 +02:00 mpivet-p  Activating all swap files/partitions... OK
Oct 07 19:35:59 +02:00 mpivet-p  Mounting root file system in read-only mode...  OK
Oct 07 19:35:59 +02:00 mpivet-p  Checking file systems... OK
Oct 07 19:35:59 +02:00 mpivet-p  Remounting root file system in read-write mode... OK
Oct 07 19:35:59 +02:00 mpivet-p  Mounting remaining file systems... OK
Oct 07 19:35:59 +02:00 mpivet-p  Cleaning file systems: /tmp OK
Oct 07 19:35:59 +02:00 mpivet-p  Retrying failed uevents, if any... OK
Oct 07 19:36:00 +02:00 mpivet-p  Setting up Linux console... OK
Oct 07 19:36:00 +02:00 mpivet-p  Starting system log daemon... OK
Oct 07 19:36:00 +02:00 mpivet-p  Starting kernel log daemon... OK
Oct 07 19:36:00 +02:00 mpivet-p  Bringing up the enp0s3 interface... Oct 07 19:36:00 +02:00 mpivet-p  Starting dhcpcd on the enp0s3 interface... OK
Oct 07 19:36:01 +02:00 mpivet-p  Starting SSH Server... OK
--------
Oct 08 10:03:43 +02:00 (none)  Mounting virtual file systems: /run /proc /sys OK
Oct 08 10:03:43 +02:00 (none)  Bringing up the loopback interface... OK
Oct 08 10:03:43 +02:00 (none)  Setting hostname to mpivet-p... OK
Oct 08 10:03:43 +02:00 mpivet-p  Populating /dev with device nodes...  OK
Oct 08 10:03:46 +02:00 mpivet-p  Activating all swap files/partitions... OK
Oct 08 10:03:46 +02:00 mpivet-p  Mounting root file system in read-only mode...  OK
Oct 08 10:03:46 +02:00 mpivet-p  Checking file systems... OK
Oct 08 10:03:46 +02:00 mpivet-p  Remounting root file system in read-write mode... OK
Oct 08 10:03:46 +02:00 mpivet-p  Mounting remaining file systems... OK
Oct 08 10:03:46 +02:00 mpivet-p  Cleaning file systems: /tmp OK
Oct 08 10:03:46 +02:00 mpivet-p  Retrying failed uevents, if any... OK
Oct 08 10:03:47 +02:00 mpivet-p  Setting up Linux console... OK
Oct 08 10:03:47 +02:00 mpivet-p  Starting system log daemon... OK
Oct 08 10:03:47 +02:00 mpivet-p  Starting kernel log daemon... OK
Oct 08 10:03:47 +02:00 mpivet-p  Bringing up the enp0s3 interface... Oct 08 10:03:48 +02:00 mpivet-p  Starting dhcpcd on the enp0s3 interface... OK
Oct 08 10:03:48 +02:00 mpivet-p  Starting SSH Server... OK
--------
Oct 08 10:23:46 +02:00 (none)  Mounting virtual file systems: /run /proc /sys OK
Oct 08 10:23:46 +02:00 (none)  Bringing up the loopback interface... OK
Oct 08 10:23:47 +02:00 (none)  Setting hostname to mpivet-p... OK
Oct 08 10:23:47 +02:00 mpivet-p  Populating /dev with device nodes...  OK
Oct 08 10:23:50 +02:00 mpivet-p  Activating all swap files/partitions... OK
Oct 08 10:23:50 +02:00 mpivet-p  Mounting root file system in read-only mode...  OK
Oct 08 10:23:50 +02:00 mpivet-p  Checking file systems... OK
Oct 08 10:23:50 +02:00 mpivet-p  Remounting root file system in read-write mode... OK
Oct 08 10:23:50 +02:00 mpivet-p  Mounting remaining file systems... OK
Oct 08 10:23:50 +02:00 mpivet-p  Cleaning file systems: /tmp OK
Oct 08 10:23:50 +02:00 mpivet-p  Retrying failed uevents, if any... OK
Oct 08 10:23:51 +02:00 mpivet-p  Setting up Linux console... OK
Oct 08 10:23:51 +02:00 mpivet-p  Starting system log daemon... OK
Oct 08 10:23:51 +02:00 mpivet-p  Starting kernel log daemon... OK
Oct 08 10:23:52 +02:00 mpivet-p  Bringing up the enp0s3 interface... Oct 08 10:23:52 +02:00 mpivet-p  Starting dhcpcd on the enp0s3 interface... OK
Oct 08 10:23:52 +02:00 mpivet-p  Starting SSH Server... OK
--------
Oct 08 16:17:28 +02:00 (none)  Mounting virtual file systems: /run /proc /sys OK
Oct 08 16:17:29 +02:00 (none)  Bringing up the loopback interface... OK
Oct 08 16:17:29 +02:00 (none)  Setting hostname to mpivet-p... OK
Oct 08 16:17:29 +02:00 mpivet-p  Populating /dev with device nodes...  OK
Oct 08 16:17:33 +02:00 mpivet-p  Activating all swap files/partitions... OK
Oct 08 16:17:33 +02:00 mpivet-p  Mounting root file system in read-only mode...  OK
Oct 08 16:17:33 +02:00 mpivet-p  Checking file systems... OK
Oct 08 16:17:33 +02:00 mpivet-p  Remounting root file system in read-write mode... OK
Oct 08 16:17:33 +02:00 mpivet-p  Mounting remaining file systems... OK
Oct 08 16:17:33 +02:00 mpivet-p  Cleaning file systems: /tmp OK
Oct 08 16:17:34 +02:00 mpivet-p  Retrying failed uevents, if any... OK
Oct 08 16:17:35 +02:00 mpivet-p  Setting up Linux console... OK
Oct 08 16:17:35 +02:00 mpivet-p  Starting system log daemon... OK
Oct 08 16:17:35 +02:00 mpivet-p  Starting kernel log daemon... OK
Oct 08 16:17:36 +02:00 mpivet-p  Bringing up the enp0s3 interface... Oct 08 16:17:36 +02:00 mpivet-p  Starting dhcpcd on the enp0s3 interface... OK
Oct 08 16:17:36 +02:00 mpivet-p  Starting SSH Server... OK
--------
Oct 09 13:39:10 +02:00 (none)  Mounting virtual file systems: /run /proc /sys OK
Oct 09 13:39:10 +02:00 (none)  Bringing up the loopback interface... OK
Oct 09 13:39:10 +02:00 (none)  Setting hostname to mpivet-p... OK
Oct 09 13:39:10 +02:00 mpivet-p  Populating /dev with device nodes...  OK
Oct 09 13:39:13 +02:00 mpivet-p  Activating all swap files/partitions... OK
Oct 09 13:39:13 +02:00 mpivet-p  Mounting root file system in read-only mode...  OK
Oct 09 13:39:13 +02:00 mpivet-p  Checking file systems... OK
Oct 09 13:39:13 +02:00 mpivet-p  Remounting root file system in read-write mode... OK
Oct 09 13:39:13 +02:00 mpivet-p  Mounting remaining file systems... OK
Oct 09 13:39:13 +02:00 mpivet-p  Cleaning file systems: /tmp OK
Oct 09 13:39:13 +02:00 mpivet-p  Retrying failed uevents, if any... OK
Oct 09 13:39:14 +02:00 mpivet-p  Setting up Linux console... OK
Oct 09 13:39:14 +02:00 mpivet-p  Starting system log daemon... OK
Oct 09 13:39:14 +02:00 mpivet-p  Starting kernel log daemon... OK
Oct 09 13:39:14 +02:00 mpivet-p  Bringing up the enp0s3 interface... Oct 09 13:39:14 +02:00 mpivet-p  Starting dhcpcd on the enp0s3 interface... OK
Oct 09 13:39:15 +02:00 mpivet-p  Starting SSH Server... OK
--------
Oct 09 15:27:45 +02:00 (none)  Mounting virtual file systems: /run /proc /sys OK
Oct 09 15:27:45 +02:00 (none)  Bringing up the loopback interface... OK
Oct 09 15:27:45 +02:00 (none)  Setting hostname to mpivet-p... OK
Oct 09 15:27:45 +02:00 mpivet-p  Populating /dev with device nodes...  OK
Oct 09 15:27:47 +02:00 mpivet-p  Activating all swap files/partitions... OK
Oct 09 15:27:47 +02:00 mpivet-p  Mounting root file system in read-only mode...  OK
Oct 09 15:27:47 +02:00 mpivet-p  Checking file systems... OK
Oct 09 15:27:47 +02:00 mpivet-p  Remounting root file system in read-write mode... OK
Oct 09 15:27:47 +02:00 mpivet-p  Mounting remaining file systems... OK
Oct 09 15:27:47 +02:00 mpivet-p  Cleaning file systems: /tmp OK
Oct 09 15:27:47 +02:00 mpivet-p  Retrying failed uevents, if any... OK
Oct 09 15:27:48 +02:00 mpivet-p  Setting up Linux console... OK
Oct 09 15:27:48 +02:00 mpivet-p  Starting system log daemon... OK
Oct 09 15:27:48 +02:00 mpivet-p  Starting kernel log daemon... OK
Oct 09 15:27:48 +02:00 mpivet-p  Bringing up the enp0s3 interface... Oct 09 15:27:48 +02:00 mpivet-p  Starting dhcpcd on the enp0s3 interface... OK
Oct 09 15:27:48 +02:00 mpivet-p  Starting SSH Server... OK
--------
